CRITICAL - 2023-07-12 03:07:26 --> Declaration of App\Models\UserModel::update($id, $data) must be compatible with CodeIgniter\Model::update($id = null, $data = null): bool
in APPPATH\Models\UserModel.php on line 27.
 1 [internal function]: CodeIgniter\Debug\Exceptions->shutdownHandler()
CRITICAL - 2023-07-12 03:07:33 --> Declaration of App\Models\UserModel::update($id, $data) must be compatible with CodeIgniter\Model::update($id = null, $data = null): bool
in APPPATH\Models\UserModel.php on line 27.
 1 [internal function]: CodeIgniter\Debug\Exceptions->shutdownHandler()
CRITICAL - 2023-07-12 03:08:27 --> Declaration of App\Models\UserModel::update($id, $data) must be compatible with CodeIgniter\Model::update($id = null, $data = null): bool
in APPPATH\Models\UserModel.php on line 27.
 1 [internal function]: CodeIgniter\Debug\Exceptions->shutdownHandler()
CRITICAL - 2023-07-12 03:08:57 --> Undefined variable $userid
in APPPATH\Controllers\Home.php on line 38.
 1 APPPATH\Controllers\Home.php(38): CodeIgniter\Debug\Exceptions->errorHandler(2, 'Undefined variable $userid', 'C:\\xampp\\htdocs\\EMS\\app\\Controllers\\Home.php', 38)
 2 SYSTEMPATH\CodeIgniter.php(932): App\Controllers\Home->register()
 3 SYSTEMPATH\CodeIgniter.php(497): CodeIgniter\CodeIgniter->runController(Object(App\Controllers\Home))
 4 SYSTEMPATH\CodeIgniter.php(366): CodeIgniter\CodeIgniter->handleRequest(null, Object(Config\Cache), false)
 5 FCPATH\index.php(68): CodeIgniter\CodeIgniter->run()
CRITICAL - 2023-07-12 03:09:47 --> Class "App\Controllers\AdminModel" not found
in APPPATH\Controllers\Home.php on line 104.
 1 SYSTEMPATH\CodeIgniter.php(932): App\Controllers\Home->userupdate('14')
 2 SYSTEMPATH\CodeIgniter.php(497): CodeIgniter\CodeIgniter->runController(Object(App\Controllers\Home))
 3 SYSTEMPATH\CodeIgniter.php(366): CodeIgniter\CodeIgniter->handleRequest(null, Object(Config\Cache), false)
 4 FCPATH\index.php(68): CodeIgniter\CodeIgniter->run()
CRITICAL - 2023-07-12 03:11:00 --> Class "App\Controllers\AdminModel" not found
in APPPATH\Controllers\Home.php on line 116.
 1 SYSTEMPATH\CodeIgniter.php(932): App\Controllers\Home->userupdate(null)
 2 SYSTEMPATH\CodeIgniter.php(497): CodeIgniter\CodeIgniter->runController(Object(App\Controllers\Home))
 3 SYSTEMPATH\CodeIgniter.php(366): CodeIgniter\CodeIgniter->handleRequest(null, Object(Config\Cache), false)
 4 FCPATH\index.php(68): CodeIgniter\CodeIgniter->run()
CRITICAL - 2023-07-12 03:11:12 --> Updates are not allowed unless they contain a "where" or "like" clause.
in SYSTEMPATH\Model.php on line 391.
 1 SYSTEMPATH\BaseModel.php(943): CodeIgniter\Model->doUpdate(null, [...])
 2 SYSTEMPATH\Model.php(756): CodeIgniter\BaseModel->update(null, [...])
 3 APPPATH\Controllers\Home.php(118): CodeIgniter\Model->update(null, [...])
 4 SYSTEMPATH\CodeIgniter.php(932): App\Controllers\Home->userupdate(null)
 5 SYSTEMPATH\CodeIgniter.php(497): CodeIgniter\CodeIgniter->runController(Object(App\Controllers\Home))
 6 SYSTEMPATH\CodeIgniter.php(366): CodeIgniter\CodeIgniter->handleRequest(null, Object(Config\Cache), false)
 7 FCPATH\index.php(68): CodeIgniter\CodeIgniter->run()
CRITICAL - 2023-07-12 03:12:33 --> Call to undefined method App\Models\UserModel::updatedata
in SYSTEMPATH\Model.php on line 838.
 1 APPPATH\Controllers\Home.php(118): CodeIgniter\Model->__call('updatedata', [...])
 2 SYSTEMPATH\CodeIgniter.php(932): App\Controllers\Home->userupdate(null)
 3 SYSTEMPATH\CodeIgniter.php(497): CodeIgniter\CodeIgniter->runController(Object(App\Controllers\Home))
 4 SYSTEMPATH\CodeIgniter.php(366): CodeIgniter\CodeIgniter->handleRequest(null, Object(Config\Cache), false)
 5 FCPATH\index.php(68): CodeIgniter\CodeIgniter->run()
CRITICAL - 2023-07-12 03:41:43 --> Undefined property: App\Controllers\Home::$db
in APPPATH\Controllers\Home.php on line 118.
 1 APPPATH\Controllers\Home.php(118): CodeIgniter\Debug\Exceptions->errorHandler(2, 'Undefined property: App\\Controllers\\Home::$db', 'C:\\xampp\\htdocs\\EMS\\app\\Controllers\\Home.php', 118)
 2 SYSTEMPATH\CodeIgniter.php(932): App\Controllers\Home->userupdate(null)
 3 SYSTEMPATH\CodeIgniter.php(497): CodeIgniter\CodeIgniter->runController(Object(App\Controllers\Home))
 4 SYSTEMPATH\CodeIgniter.php(366): CodeIgniter\CodeIgniter->handleRequest(null, Object(Config\Cache), false)
 5 FCPATH\index.php(68): CodeIgniter\CodeIgniter->run()
CRITICAL - 2023-07-12 03:43:03 --> Undefined property: App\Controllers\Home::$db
in APPPATH\Controllers\Home.php on line 119.
 1 APPPATH\Controllers\Home.php(119): CodeIgniter\Debug\Exceptions->errorHandler(2, 'Undefined property: App\\Controllers\\Home::$db', 'C:\\xampp\\htdocs\\EMS\\app\\Controllers\\Home.php', 119)
 2 SYSTEMPATH\CodeIgniter.php(932): App\Controllers\Home->userupdate(null)
 3 SYSTEMPATH\CodeIgniter.php(497): CodeIgniter\CodeIgniter->runController(Object(App\Controllers\Home))
 4 SYSTEMPATH\CodeIgniter.php(366): CodeIgniter\CodeIgniter->handleRequest(null, Object(Config\Cache), false)
 5 FCPATH\index.php(68): CodeIgniter\CodeIgniter->run()
CRITICAL - 2023-07-12 03:43:11 --> Undefined property: App\Controllers\Home::$db
in APPPATH\Controllers\Home.php on line 119.
 1 APPPATH\Controllers\Home.php(119): CodeIgniter\Debug\Exceptions->errorHandler(2, 'Undefined property: App\\Controllers\\Home::$db', 'C:\\xampp\\htdocs\\EMS\\app\\Controllers\\Home.php', 119)
 2 SYSTEMPATH\CodeIgniter.php(932): App\Controllers\Home->userupdate(null)
 3 SYSTEMPATH\CodeIgniter.php(497): CodeIgniter\CodeIgniter->runController(Object(App\Controllers\Home))
 4 SYSTEMPATH\CodeIgniter.php(366): CodeIgniter\CodeIgniter->handleRequest(null, Object(Config\Cache), false)
 5 FCPATH\index.php(68): CodeIgniter\CodeIgniter->run()
CRITICAL - 2023-07-12 03:55:09 --> syntax error, unexpected token "<", expecting "function" or "const"
in APPPATH\Models\UserModel.php on line 8.
 1 SYSTEMPATH\Autoloader\Autoloader.php(289): CodeIgniter\Autoloader\Autoloader->includeFile('C:\\xampp\\htdocs\\EMS\\app\\Models\\UserModel.php')
 2 SYSTEMPATH\Autoloader\Autoloader.php(267): CodeIgniter\Autoloader\Autoloader->loadInNamespace('App\\Models\\UserModel')
 3 APPPATH\Controllers\Home.php(104): CodeIgniter\Autoloader\Autoloader->loadClass('App\\Models\\UserModel')
 4 SYSTEMPATH\CodeIgniter.php(932): App\Controllers\Home->userupdate('14')
 5 SYSTEMPATH\CodeIgniter.php(497): CodeIgniter\CodeIgniter->runController(Object(App\Controllers\Home))
 6 SYSTEMPATH\CodeIgniter.php(366): CodeIgniter\CodeIgniter->handleRequest(null, Object(Config\Cache), false)
 7 FCPATH\index.php(68): CodeIgniter\CodeIgniter->run()
CRITICAL - 2023-07-12 03:55:36 --> syntax error, unexpected token "<", expecting "function" or "const"
in APPPATH\Models\UserModel.php on line 8.
 1 SYSTEMPATH\Autoloader\Autoloader.php(289): CodeIgniter\Autoloader\Autoloader->includeFile('C:\\xampp\\htdocs\\EMS\\app\\Models\\UserModel.php')
 2 SYSTEMPATH\Autoloader\Autoloader.php(267): CodeIgniter\Autoloader\Autoloader->loadInNamespace('App\\Models\\UserModel')
 3 APPPATH\Controllers\Home.php(104): CodeIgniter\Autoloader\Autoloader->loadClass('App\\Models\\UserModel')
 4 SYSTEMPATH\CodeIgniter.php(932): App\Controllers\Home->userupdate('14')
 5 SYSTEMPATH\CodeIgniter.php(497): CodeIgniter\CodeIgniter->runController(Object(App\Controllers\Home))
 6 SYSTEMPATH\CodeIgniter.php(366): CodeIgniter\CodeIgniter->handleRequest(null, Object(Config\Cache), false)
 7 FCPATH\index.php(68): CodeIgniter\CodeIgniter->run()
CRITICAL - 2023-07-12 03:57:10 --> syntax error, unexpected token "<", expecting "function" or "const"
in APPPATH\Models\UserModel.php on line 8.
 1 SYSTEMPATH\Autoloader\Autoloader.php(289): CodeIgniter\Autoloader\Autoloader->includeFile('C:\\xampp\\htdocs\\EMS\\app\\Models\\UserModel.php')
 2 SYSTEMPATH\Autoloader\Autoloader.php(267): CodeIgniter\Autoloader\Autoloader->loadInNamespace('App\\Models\\UserModel')
 3 APPPATH\Controllers\Home.php(104): CodeIgniter\Autoloader\Autoloader->loadClass('App\\Models\\UserModel')
 4 SYSTEMPATH\CodeIgniter.php(932): App\Controllers\Home->userupdate('14')
 5 SYSTEMPATH\CodeIgniter.php(497): CodeIgniter\CodeIgniter->runController(Object(App\Controllers\Home))
 6 SYSTEMPATH\CodeIgniter.php(366): CodeIgniter\CodeIgniter->handleRequest(null, Object(Config\Cache), false)
 7 FCPATH\index.php(68): CodeIgniter\CodeIgniter->run()
CRITICAL - 2023-07-12 03:58:15 --> Cannot use CodeIgniter\Model as Model because the name is already in use
in APPPATH\Models\UserModel.php on line 5.
 1 [internal function]: CodeIgniter\Debug\Exceptions->shutdownHandler()
CRITICAL - 2023-07-12 04:00:23 --> Undefined property: App\Controllers\Home::$uri
in APPPATH\Controllers\Home.php on line 106.
 1 APPPATH\Controllers\Home.php(106): CodeIgniter\Debug\Exceptions->errorHandler(2, 'Undefined property: App\\Controllers\\Home::$uri', 'C:\\xampp\\htdocs\\EMS\\app\\Controllers\\Home.php', 106)
 2 SYSTEMPATH\CodeIgniter.php(932): App\Controllers\Home->userupdate('14')
 3 SYSTEMPATH\CodeIgniter.php(497): CodeIgniter\CodeIgniter->runController(Object(App\Controllers\Home))
 4 SYSTEMPATH\CodeIgniter.php(366): CodeIgniter\CodeIgniter->handleRequest(null, Object(Config\Cache), false)
 5 FCPATH\index.php(68): CodeIgniter\CodeIgniter->run()
CRITICAL - 2023-07-12 04:00:47 --> Undefined property: App\Controllers\Home::$uri
in APPPATH\Controllers\Home.php on line 106.
 1 APPPATH\Controllers\Home.php(106): CodeIgniter\Debug\Exceptions->errorHandler(2, 'Undefined property: App\\Controllers\\Home::$uri', 'C:\\xampp\\htdocs\\EMS\\app\\Controllers\\Home.php', 106)
 2 SYSTEMPATH\CodeIgniter.php(932): App\Controllers\Home->userupdate('14')
 3 SYSTEMPATH\CodeIgniter.php(497): CodeIgniter\CodeIgniter->runController(Object(App\Controllers\Home))
 4 SYSTEMPATH\CodeIgniter.php(366): CodeIgniter\CodeIgniter->handleRequest(null, Object(Config\Cache), false)
 5 FCPATH\index.php(68): CodeIgniter\CodeIgniter->run()
CRITICAL - 2023-07-12 04:01:36 --> Undefined property: App\Controllers\Home::$uri
in APPPATH\Controllers\Home.php on line 106.
 1 APPPATH\Controllers\Home.php(106): CodeIgniter\Debug\Exceptions->errorHandler(2, 'Undefined property: App\\Controllers\\Home::$uri', 'C:\\xampp\\htdocs\\EMS\\app\\Controllers\\Home.php', 106)
 2 SYSTEMPATH\CodeIgniter.php(932): App\Controllers\Home->userupdate('14')
 3 SYSTEMPATH\CodeIgniter.php(497): CodeIgniter\CodeIgniter->runController(Object(App\Controllers\Home))
 4 SYSTEMPATH\CodeIgniter.php(366): CodeIgniter\CodeIgniter->handleRequest(null, Object(Config\Cache), false)
 5 FCPATH\index.php(68): CodeIgniter\CodeIgniter->run()
CRITICAL - 2023-07-12 04:01:43 --> Undefined property: App\Controllers\Home::$uri
in APPPATH\Controllers\Home.php on line 106.
 1 APPPATH\Controllers\Home.php(106): CodeIgniter\Debug\Exceptions->errorHandler(2, 'Undefined property: App\\Controllers\\Home::$uri', 'C:\\xampp\\htdocs\\EMS\\app\\Controllers\\Home.php', 106)
 2 SYSTEMPATH\CodeIgniter.php(932): App\Controllers\Home->userupdate('14')
 3 SYSTEMPATH\CodeIgniter.php(497): CodeIgniter\CodeIgniter->runController(Object(App\Controllers\Home))
 4 SYSTEMPATH\CodeIgniter.php(366): CodeIgniter\CodeIgniter->handleRequest(null, Object(Config\Cache), false)
 5 FCPATH\index.php(68): CodeIgniter\CodeIgniter->run()
CRITICAL - 2023-07-12 04:06:14 --> Unclosed '{' on line 8
in APPPATH\Controllers\Home.php on line 154.
 1 SYSTEMPATH\Autoloader\Autoloader.php(289): CodeIgniter\Autoloader\Autoloader->includeFile('C:\\xampp\\htdocs\\EMS\\app\\Controllers\\Home.php')
 2 SYSTEMPATH\Autoloader\Autoloader.php(267): CodeIgniter\Autoloader\Autoloader->loadInNamespace('App\\Controllers\\Home')
 3 [internal function]: CodeIgniter\Autoloader\Autoloader->loadClass('App\\Controllers\\Home')
 4 SYSTEMPATH\CodeIgniter.php(890): class_exists('\\App\\Controllers\\Home', true)
 5 SYSTEMPATH\CodeIgniter.php(484): CodeIgniter\CodeIgniter->startController()
 6 SYSTEMPATH\CodeIgniter.php(366): CodeIgniter\CodeIgniter->handleRequest(null, Object(Config\Cache), false)
 7 FCPATH\index.php(68): CodeIgniter\CodeIgniter->run()
CRITICAL - 2023-07-12 04:06:28 --> Undefined property: App\Controllers\Home::$uri
in APPPATH\Controllers\Home.php on line 106.
 1 APPPATH\Controllers\Home.php(106): CodeIgniter\Debug\Exceptions->errorHandler(2, 'Undefined property: App\\Controllers\\Home::$uri', 'C:\\xampp\\htdocs\\EMS\\app\\Controllers\\Home.php', 106)
 2 SYSTEMPATH\CodeIgniter.php(932): App\Controllers\Home->userupdate('14')
 3 SYSTEMPATH\CodeIgniter.php(497): CodeIgniter\CodeIgniter->runController(Object(App\Controllers\Home))
 4 SYSTEMPATH\CodeIgniter.php(366): CodeIgniter\CodeIgniter->handleRequest(null, Object(Config\Cache), false)
 5 FCPATH\index.php(68): CodeIgniter\CodeIgniter->run()
CRITICAL - 2023-07-12 04:08:24 --> Undefined property: App\Controllers\Home::$uri
in APPPATH\Controllers\Home.php on line 130.
 1 APPPATH\Controllers\Home.php(130): CodeIgniter\Debug\Exceptions->errorHandler(2, 'Undefined property: App\\Controllers\\Home::$uri', 'C:\\xampp\\htdocs\\EMS\\app\\Controllers\\Home.php', 130)
 2 SYSTEMPATH\CodeIgniter.php(932): App\Controllers\Home->userupdate('14')
 3 SYSTEMPATH\CodeIgniter.php(497): CodeIgniter\CodeIgniter->runController(Object(App\Controllers\Home))
 4 SYSTEMPATH\CodeIgniter.php(366): CodeIgniter\CodeIgniter->handleRequest(null, Object(Config\Cache), false)
 5 FCPATH\index.php(68): CodeIgniter\CodeIgniter->run()
CRITICAL - 2023-07-12 04:08:39 --> Undefined property: App\Controllers\Home::$uri
in APPPATH\Controllers\Home.php on line 130.
 1 APPPATH\Controllers\Home.php(130): CodeIgniter\Debug\Exceptions->errorHandler(2, 'Undefined property: App\\Controllers\\Home::$uri', 'C:\\xampp\\htdocs\\EMS\\app\\Controllers\\Home.php', 130)
 2 SYSTEMPATH\CodeIgniter.php(932): App\Controllers\Home->userupdate('14')
 3 SYSTEMPATH\CodeIgniter.php(497): CodeIgniter\CodeIgniter->runController(Object(App\Controllers\Home))
 4 SYSTEMPATH\CodeIgniter.php(366): CodeIgniter\CodeIgniter->handleRequest(null, Object(Config\Cache), false)
 5 FCPATH\index.php(68): CodeIgniter\CodeIgniter->run()
CRITICAL - 2023-07-12 04:08:59 --> Undefined property: App\Controllers\Home::$uri
in APPPATH\Controllers\Home.php on line 130.
 1 APPPATH\Controllers\Home.php(130): CodeIgniter\Debug\Exceptions->errorHandler(2, 'Undefined property: App\\Controllers\\Home::$uri', 'C:\\xampp\\htdocs\\EMS\\app\\Controllers\\Home.php', 130)
 2 SYSTEMPATH\CodeIgniter.php(932): App\Controllers\Home->userupdate('14')
 3 SYSTEMPATH\CodeIgniter.php(497): CodeIgniter\CodeIgniter->runController(Object(App\Controllers\Home))
 4 SYSTEMPATH\CodeIgniter.php(366): CodeIgniter\CodeIgniter->handleRequest(null, Object(Config\Cache), false)
 5 FCPATH\index.php(68): CodeIgniter\CodeIgniter->run()
CRITICAL - 2023-07-12 04:10:59 --> Undefined property: App\Controllers\Home::$uri
in APPPATH\Controllers\Home.php on line 130.
 1 APPPATH\Controllers\Home.php(130): CodeIgniter\Debug\Exceptions->errorHandler(2, 'Undefined property: App\\Controllers\\Home::$uri', 'C:\\xampp\\htdocs\\EMS\\app\\Controllers\\Home.php', 130)
 2 SYSTEMPATH\CodeIgniter.php(932): App\Controllers\Home->userupdate('14')
 3 SYSTEMPATH\CodeIgniter.php(497): CodeIgniter\CodeIgniter->runController(Object(App\Controllers\Home))
 4 SYSTEMPATH\CodeIgniter.php(366): CodeIgniter\CodeIgniter->handleRequest(null, Object(Config\Cache), false)
 5 FCPATH\index.php(68): CodeIgniter\CodeIgniter->run()
CRITICAL - 2023-07-12 04:11:54 --> Undefined property: App\Controllers\Home::$uri
in APPPATH\Controllers\Home.php on line 130.
 1 APPPATH\Controllers\Home.php(130): CodeIgniter\Debug\Exceptions->errorHandler(2, 'Undefined property: App\\Controllers\\Home::$uri', 'C:\\xampp\\htdocs\\EMS\\app\\Controllers\\Home.php', 130)
 2 SYSTEMPATH\CodeIgniter.php(932): App\Controllers\Home->userupdate('14')
 3 SYSTEMPATH\CodeIgniter.php(497): CodeIgniter\CodeIgniter->runController(Object(App\Controllers\Home))
 4 SYSTEMPATH\CodeIgniter.php(366): CodeIgniter\CodeIgniter->handleRequest(null, Object(Config\Cache), false)
 5 FCPATH\index.php(68): CodeIgniter\CodeIgniter->run()
CRITICAL - 2023-07-12 04:14:14 --> syntax error, unexpected string content "", expecting "-" or identifier or variable or number
in APPPATH\Controllers\Home.php on line 132.
 1 SYSTEMPATH\Autoloader\Autoloader.php(289): CodeIgniter\Autoloader\Autoloader->includeFile('C:\\xampp\\htdocs\\EMS\\app\\Controllers\\Home.php')
 2 SYSTEMPATH\Autoloader\Autoloader.php(267): CodeIgniter\Autoloader\Autoloader->loadInNamespace('App\\Controllers\\Home')
 3 [internal function]: CodeIgniter\Autoloader\Autoloader->loadClass('App\\Controllers\\Home')
 4 SYSTEMPATH\CodeIgniter.php(890): class_exists('\\App\\Controllers\\Home', true)
 5 SYSTEMPATH\CodeIgniter.php(484): CodeIgniter\CodeIgniter->startController()
 6 SYSTEMPATH\CodeIgniter.php(366): CodeIgniter\CodeIgniter->handleRequest(null, Object(Config\Cache), false)
 7 FCPATH\index.php(68): CodeIgniter\CodeIgniter->run()
CRITICAL - 2023-07-12 04:14:36 --> syntax error, unexpected token "<"
in APPPATH\Controllers\Home.php on line 132.
 1 SYSTEMPATH\Autoloader\Autoloader.php(289): CodeIgniter\Autoloader\Autoloader->includeFile('C:\\xampp\\htdocs\\EMS\\app\\Controllers\\Home.php')
 2 SYSTEMPATH\Autoloader\Autoloader.php(267): CodeIgniter\Autoloader\Autoloader->loadInNamespace('App\\Controllers\\Home')
 3 [internal function]: CodeIgniter\Autoloader\Autoloader->loadClass('App\\Controllers\\Home')
 4 SYSTEMPATH\CodeIgniter.php(890): class_exists('\\App\\Controllers\\Home', true)
 5 SYSTEMPATH\CodeIgniter.php(484): CodeIgniter\CodeIgniter->startController()
 6 SYSTEMPATH\CodeIgniter.php(366): CodeIgniter\CodeIgniter->handleRequest(null, Object(Config\Cache), false)
 7 FCPATH\index.php(68): CodeIgniter\CodeIgniter->run()
CRITICAL - 2023-07-12 04:15:44 --> syntax error, unexpected token "<"
in APPPATH\Controllers\Home.php on line 132.
 1 SYSTEMPATH\Autoloader\Autoloader.php(289): CodeIgniter\Autoloader\Autoloader->includeFile('C:\\xampp\\htdocs\\EMS\\app\\Controllers\\Home.php')
 2 SYSTEMPATH\Autoloader\Autoloader.php(267): CodeIgniter\Autoloader\Autoloader->loadInNamespace('App\\Controllers\\Home')
 3 [internal function]: CodeIgniter\Autoloader\Autoloader->loadClass('App\\Controllers\\Home')
 4 SYSTEMPATH\CodeIgniter.php(890): class_exists('\\App\\Controllers\\Home', true)
 5 SYSTEMPATH\CodeIgniter.php(484): CodeIgniter\CodeIgniter->startController()
 6 SYSTEMPATH\CodeIgniter.php(366): CodeIgniter\CodeIgniter->handleRequest(null, Object(Config\Cache), false)
 7 FCPATH\index.php(68): CodeIgniter\CodeIgniter->run()
CRITICAL - 2023-07-12 04:15:49 --> syntax error, unexpected token "<"
in APPPATH\Controllers\Home.php on line 132.
 1 SYSTEMPATH\Autoloader\Autoloader.php(289): CodeIgniter\Autoloader\Autoloader->includeFile('C:\\xampp\\htdocs\\EMS\\app\\Controllers\\Home.php')
 2 SYSTEMPATH\Autoloader\Autoloader.php(267): CodeIgniter\Autoloader\Autoloader->loadInNamespace('App\\Controllers\\Home')
 3 [internal function]: CodeIgniter\Autoloader\Autoloader->loadClass('App\\Controllers\\Home')
 4 SYSTEMPATH\CodeIgniter.php(890): class_exists('\\App\\Controllers\\Home', true)
 5 SYSTEMPATH\CodeIgniter.php(484): CodeIgniter\CodeIgniter->startController()
 6 SYSTEMPATH\CodeIgniter.php(366): CodeIgniter\CodeIgniter->handleRequest(null, Object(Config\Cache), false)
 7 FCPATH\index.php(68): CodeIgniter\CodeIgniter->run()
CRITICAL - 2023-07-12 04:16:35 --> Declaration of App\Models\UserModel::update($id, $data) must be compatible with CodeIgniter\Model::update($id = null, $data = null): bool
in APPPATH\Models\UserModel.php on line 52.
 1 [internal function]: CodeIgniter\Debug\Exceptions->shutdownHandler()
CRITICAL - 2023-07-12 04:17:23 --> Declaration of App\Models\UserModel::update($id, $data) must be compatible with CodeIgniter\Model::update($id = null, $data = null): bool
in APPPATH\Models\UserModel.php on line 52.
 1 [internal function]: CodeIgniter\Debug\Exceptions->shutdownHandler()
